<?xml version="1.0" encoding="UTF-8"?>
<testng-results ignored="0" total="1" passed="1" failed="0" skipped="0">
  <reporter-output>
  </reporter-output>
  <suite started-at="2024-02-13T19:34:48 IST" name="Default suite" finished-at="2024-02-13T19:34:59 IST" duration-ms="11336">
    <groups>
    </groups>
    <test started-at="2024-02-13T19:34:48 IST" name="Default test" finished-at="2024-02-13T19:34:59 IST" duration-ms="11336">
      <class name="car.TC_test_Car_002">
        <test-method signature="launch()[pri:0, instance:car.TC_test_Car_002@b62d79]" started-at="2024-02-13T19:34:48 IST" name="launch" finished-at="2024-02-13T19:34:59 IST" duration-ms="11285" status="PASS">
          <reporter-output>
          </reporter-output>
        </test-method> <!-- launch -->
      </class> <!-- car.TC_test_Car_002 -->
    </test> <!-- Default test -->
  </suite> <!-- Default suite -->
</testng-results>
