<?xml version="1.0" encoding="UTF-8"?>
<!-- Generated by org.testng.reporters.JUnitXMLReporter -->
<testsuite ignored="0" hostname="INFORMA-U973DMK" failures="0" tests="14" name="Test" time="143.35" errors="0" timestamp="2024-02-13T18:54:05 IST">
  <testcase classname="car.TC_Car_001_Test" name="launch" time="6.327"/>
  <testcase classname="bike.TC_Bike_001_Test" name="launch" time="8.656"/>
  <testcase classname="trip.TC_Trip_001_Test" name="launch" time="9.004"/>
  <testcase classname="car.TC_Car_002_Test" name="launch" time="10.926"/>
  <testcase classname="bike.TC_Bike_002_Test" name="launch" time="14.483"/>
  <testcase classname="trip.TC_Trip_002_Test" name="launch" time="6.249"/>
  <testcase classname="car.TC_Car_003_Test" name="launch" time="10.259"/>
  <testcase classname="bike.TC_Bike_003_Test" name="launch" time="7.213"/>
  <testcase classname="trip.TC_Trip_003_Test" name="launch" time="10.491"/>
  <testcase classname="car.TC_Car_004_Test" name="launch" time="7.918"/>
  <testcase classname="bike.TC_Bike_004_Test" name="launch" time="5.268"/>
  <testcase classname="trip.TC_Trip_004_Test" name="launch" time="5.668"/>
  <testcase classname="bike.TC_Bike_005_Test" name="launch" time="32.074"/>
  <testcase classname="trip.TC_Trip_005_Test" name="launch" time="8.654"/>
</testsuite> <!-- Test -->
