<?xml version="1.0" encoding="UTF-8"?>
<testng-results ignored="0" total="1" passed="1" failed="0" skipped="0">
  <reporter-output>
  </reporter-output>
  <suite started-at="2024-02-16T19:24:26 IST" name="Surefire suite" finished-at="2024-02-16T19:24:33 IST" duration-ms="6933">
    <groups>
    </groups>
    <test started-at="2024-02-16T19:24:26 IST" name="Surefire test" finished-at="2024-02-16T19:24:33 IST" duration-ms="6933">
      <class name="bike.TC_Run_006_Test">
        <test-method signature="run()[pri:0, instance:bike.TC_Run_006_Test@5ea434c8]" started-at="2024-02-16T19:24:26 IST" name="run" finished-at="2024-02-16T19:24:33 IST" duration-ms="6862" status="PASS">
          <reporter-output>
          </reporter-output>
        </test-method> <!-- run -->
      </class> <!-- bike.TC_Run_006_Test -->
    </test> <!-- Surefire test -->
  </suite> <!-- Surefire suite -->
</testng-results>
